<?xml version="1.0" ?>
    <coverage branch-rate="0" branches-covered="0" branches-valid="0" complexity="0" line-rate="0.9048" lines-covered="38" lines-valid="42" timestamp="1566181527451" version="4.5.4">
    	<!-- Generated by coverage.py: https://coverage.readthedocs.io -->
    	<!-- Based on https://raw.githubusercontent.com/cobertura/web/master/htdocs/xml/coverage-04.dtd -->
    	<sources/>
    	<packages>
    		<package branch-rate="0" complexity="0" line-rate="0.9048" name=".redacted..tox.py3.lib.python3.7.site-packages.fraud">
    			<classes>
    				<class branch-rate="0" complexity="0" filename="redacted/.tox/py3/lib/python3.7/site-packages/fraud/__init__.py" line-rate="1" name="__init__.py">
    					<methods/>
    					<lines>
    						<line hits="1" number="2"/>
    						<line hits="1" number="8"/>
    					</lines>
    				</class>
    				<class branch-rate="0" complexity="0" filename="/redacted/.tox/py3/lib/python3.7/site-packages/fraud/actor_handler.py" line-rate="0.9" name="actor_handler.py">
    					<methods/>
    					<lines>
    						<line hits="1" number="2"/>
    						<line hits="1" number="3"/>
    						<line hits="1" number="4"/>
    						<line hits="1" number="7"/>
    						<line hits="1" number="12"/>
    						<line hits="1" number="13"/>
    						<line hits="1" number="14"/>
    						<line hits="1" number="16"/>
    						<line hits="1" number="22"/>
    						<line hits="1" number="23"/>
    						<line hits="1" number="24"/>
    						<line hits="1" number="27"/>
    						<line hits="1" number="28"/>
    						<line hits="1" number="30"/>
    						<line hits="1" number="32"/>
    						<line hits="1" number="33"/>
    						<line hits="1" number="34"/>
    						<line hits="1" number="35"/>
    						<line hits="1" number="36"/>
    						<line hits="0" number="37"/>
    						<line hits="0" number="38"/>
    						<line hits="0" number="39"/>
    						<line hits="1" number="40"/>
    						<line hits="1" number="42"/>
    						<line hits="1" number="48"/>
    						<line hits="1" number="49"/>
    						<line hits="1" number="50"/>
    						<line hits="1" number="51"/>
    						<line hits="1" number="52"/>
    						<line hits="1" number="55"/>
    						<line hits="1" number="61"/>
    						<line hits="1" number="62"/>
    						<line hits="1" number="64"/>
    						<line hits="1" number="65"/>
    						<line hits="1" number="66"/>
    						<line hits="1" number="68"/>
    						<line hits="1" number="70"/>
    						<line hits="1" number="72"/>
    						<line hits="0" number="74"/>
    						<line hits="1" number="75"/>
    					</lines>
    				</class>
    			</classes>
    		</package>
    	</packages>
    </coverage>
